[01:28:31] [main/INFO]: Loading Minecraft 1.21.1 with Fabric Loader 0.18.2
[01:28:34] [ForkJoinPool-1-worker-1/WARN]: The mod "dungeons_arise" contains invalid entries in its mod json:
- Unsupported root entry "credits" at line 12 column 11
[01:28:34] [main/WARN]: Warnings were found!
 - Mod 'Forge Config API Port' (forgeconfigapiport) 21.1.1 recommends any version of modmenu, which is missing!
	 - You should install any version of modmenu for the optimal experience.
[01:28:34] [main/INFO]: Loading 141 mods:
	- addonslib 1.21.1-1.12
	- aether 1.5.11
	   |-- accessories 1.1.0-beta.48+1.21.1
	   |-- cumulus_menus 2.0.7
	   |-- forgeconfigapiport 21.1.1
	   |    |-- com_electronwill_night-config_core 3.8.0
	   |    \-- com_electronwill_night-config_toml 3.8.0
	   |-- mm_shedaniel 2.4.1
	   \-- nitrogen_internals 1.1.21
	- architectury 13.0.8
	- artifacts 13.1.0
	   |-- com_electronwill_night-config_core 3.8.0
	   |-- com_electronwill_night-config_toml 3.8.0
	   \-- expandability 12.0.0
	- bettercombat 2.3.1+1.21.1
	   \-- tiny_config 3.1.0
	- betterendisland 1.21.1-Fabric-3.1.2
	   \-- org_reflections_reflections 0.10.2
	- betterfortresses 1.21.1-Fabric-3.1.5
	   \-- org_reflections_reflections 0.10.2
	- bettermineshafts 1.21.1-Fabric-5.1.1
	   \-- org_reflections_reflections 0.10.2
	- betterstrongholds 1.21.1-Fabric-5.1.3
	   \-- org_reflections_reflections 0.10.2
	- biomesoplenty 21.1.0.13
	- cardinal-components 6.1.3
	   |-- cardinal-components-base 6.1.3
	   |-- cardinal-components-block 6.1.3
	   |-- cardinal-components-chunk 6.1.3
	   |-- cardinal-components-entity 6.1.3
	   |-- cardinal-components-item 6.1.3
	   |-- cardinal-components-level 6.1.3
	   |-- cardinal-components-scoreboard 6.1.3
	   \-- cardinal-components-world 6.1.3
	- cloth-config 15.0.140
	   \-- cloth-basic-math 0.6.1
	- cupboard 1.21-2.9
	- dungeons_arise 2.1.68
	- entityculling 1.9.4
	   |-- transition 1.0.11
	   \-- trender 1.0.10
	- fabric-api 0.116.7+1.21.1
	   |-- fabric-api-base 0.4.42+6573ed8c19
	   |-- fabric-api-lookup-api-v1 1.6.71+b559734419
	   |-- fabric-biome-api-v1 13.0.31+d527f9fd19
	   |-- fabric-block-api-v1 1.1.0+0bc3503219
	   |-- fabric-block-view-api-v2 1.0.11+ebb2264e19
	   |-- fabric-blockrenderlayer-v1 1.1.52+0af3f5a719
	   |-- fabric-client-tags-api-v1 1.1.15+6573ed8c19
	   |-- fabric-command-api-v1 1.2.49+f71b366f19
	   |-- fabric-command-api-v2 2.2.28+6ced4dd919
	   |-- fabric-commands-v0 0.2.66+df3654b319
	   |-- fabric-content-registries-v0 8.0.19+b559734419
	   |-- fabric-convention-tags-v1 2.1.5+7f945d5b19
	   |-- fabric-convention-tags-v2 2.11.1+a406e79519
	   |-- fabric-crash-report-info-v1 0.2.29+0af3f5a719
	   |-- fabric-data-attachment-api-v1 1.4.5+6116a37819
	   |-- fabric-data-generation-api-v1 20.2.34+37516cd619
	   |-- fabric-dimensions-v1 4.0.1+65213ef819
	   |-- fabric-entity-events-v1 1.8.0+2b27e0a419
	   |-- fabric-events-interaction-v0 0.7.13+ba9dae0619
	   |-- fabric-game-rule-api-v1 1.0.53+6ced4dd919
	   |-- fabric-item-api-v1 11.2.0+3b3cb2e819
	   |-- fabric-item-group-api-v1 4.1.7+def88e3a19
	   |-- fabric-key-binding-api-v1 1.0.47+0af3f5a719
	   |-- fabric-keybindings-v0 0.2.45+df3654b319
	   |-- fabric-lifecycle-events-v1 2.6.0+0865547519
	   |-- fabric-loot-api-v2 3.0.15+3f89f5a519
	   |-- fabric-loot-api-v3 1.0.3+3f89f5a519
	   |-- fabric-message-api-v1 6.0.14+8aaf3aca19
	   |-- fabric-model-loading-api-v1 2.1.0+b4d813fc19
	   |-- fabric-networking-api-v1 4.3.0+c7469b2119
	   |-- fabric-object-builder-api-v1 15.2.1+40875a9319
	   |-- fabric-particles-v1 4.0.2+6573ed8c19
	   |-- fabric-recipe-api-v1 5.0.15+2475392c19
	   |-- fabric-registry-sync-v0 5.3.1+e3eddc2119
	   |-- fabric-renderer-api-v1 3.4.1+b4d813fc19
	   |-- fabric-renderer-indigo 1.7.1+c705a49c19
	   |-- fabric-renderer-registries-v1 3.2.69+df3654b319
	   |-- fabric-rendering-data-attachment-v1 0.3.49+73761d2e19
	   |-- fabric-rendering-fluids-v1 3.1.6+1daea21519
	   |-- fabric-rendering-v0 1.1.72+df3654b319
	   |-- fabric-rendering-v1 5.1.0+ab4c25a019
	   |-- fabric-resource-conditions-api-v1 4.3.0+8dc279b119
	   |-- fabric-resource-loader-v0 1.3.1+5b5275af19
	   |-- fabric-screen-api-v1 2.0.25+8b68f1c719
	   |-- fabric-screen-handler-api-v1 1.3.90+b559734419
	   |-- fabric-sound-api-v1 1.0.23+6573ed8c19
	   |-- fabric-transfer-api-v1 5.4.3+c24bd99419
	   \-- fabric-transitive-access-wideners-v1 6.2.0+45b9699719
	- fabricloader 0.18.2
	   \-- mixinextras 0.5.0
	- fallingtree 1.21.1.11
	- ferritecore 7.0.2-hotfix
	- glitchcore 2.1.0.0
	   \-- net_jodah_typetools 0.6.3
	- java 21
	- jei 19.27.0.335
	- journeymap 1.21.1-6.0.0-beta.53
	   |-- ar_com_hjg_pngj 2.1.0
	   |-- commonnetworking 1.0.18-1.21.1
	   \-- journeymap-api-fabric 2.0.0-1.21.1-SNAPSHOT
	- lithium 0.15.1+mc1.21.1
	- lootintegrations 1.21-4.7
	- lootintegrations_graveyard 1
	- mca 7.7.5+1.21.1
	- mcwbiomesoplenty 1.21.1-1.5
	   \-- net_jodah_typetools 0.6.3
	- mcwbridges 3.1.0
	- mcwdoors 1.1.2
	- mcwfences 1.2.0
	- mcwfencesbop 1.21-1.1
	- mcwfurnitures 3.4.1
	- mcwfurnituresbop 1.21.1-1.1
	- mcwlights 1.1.2
	- mcwpaths 1.1.1
	- mcwstairs 1.0.1
	- mcwwindows 2.4.0
	- minecraft 1.21.1
	- mr_vanilla_backpacks 1.3.5
	- onlyhammers 1.21.1-0.9
	- owo 0.12.15.4+1.21
	   |-- blue_endless_jankson 1.2.2
	   |-- io_wispforest_endec 0.1.5.1
	   |-- io_wispforest_endec_gson 0.1.3.1
	   |-- io_wispforest_endec_jankson 0.1.3.1
	   \-- io_wispforest_endec_netty 0.1.2
	- playeranimator 2.0.1+1.21.1
	- polymer-bundled 0.9.18+1.21.1
	   |-- polymer-autohost 0.9.18+1.21.1
	   |    \-- io_netty_netty-codec-http 4.1.82
	   |-- polymer-blocks 0.9.18+1.21.1
	   |-- polymer-common 0.9.18+1.21.1
	   |    \-- packet_tweaker 0.5.5+1.21
	   |-- polymer-core 0.9.18+1.21.1
	   |    |-- polymer-networking 0.9.18+1.21.1
	   |    |    \-- polymer-common 0.9.18+1.21.1
	   |    |         \-- packet_tweaker 0.5.5+1.21
	   |    \-- polymer-registry-sync-manipulator 0.9.18+1.21.1
	   |-- polymer-resource-pack 0.9.18+1.21.1
	   |    \-- polymer-common 0.9.18+1.21.1
	   |         \-- packet_tweaker 0.5.5+1.21
	   \-- polymer-virtual-entity 0.9.18+1.21.1
	        \-- polymer-common 0.9.18+1.21.1
	             \-- packet_tweaker 0.5.5+1.21
	- terrablender 4.1.0.8
	- terralith 2.5.8
	- travelersbackpack 10.1.29
	- universal-graves 3.4.4+1.21
	   |-- common-protection-api 1.0.0
	   |-- fabric-permissions-api-v0 0.2-SNAPSHOT
	   |-- placeholder-api 2.4.1+1.21
	   |-- predicate-api 0.5.1+1.21
	   |-- server_translations_api 2.3.1+1.21-pre2
	   \-- sgui 1.6.0+1.21
	- yet_another_config_lib_v3 3.8.1+1.21.1-fabric
	   |-- com_twelvemonkeys_common_common-image 3.12.0
	   |-- com_twelvemonkeys_common_common-io 3.12.0
	   |-- com_twelvemonkeys_common_common-lang 3.12.0
	   |-- com_twelvemonkeys_imageio_imageio-core 3.12.0
	   |-- com_twelvemonkeys_imageio_imageio-metadata 3.12.0
	   |-- com_twelvemonkeys_imageio_imageio-webp 3.12.0
	   |-- org_quiltmc_parsers_gson 0.2.1
	   \-- org_quiltmc_parsers_json 0.2.1
	- yungsapi 1.21.1-Fabric-5.1.6
	   |-- org_javassist_javassist 3.29.2-GA
	   \-- org_reflections_reflections 0.10.2
[01:28:35] [main/INFO]: SpongePowered MIXIN Subsystem Version=0.8.7 Source=file:/workspaces/ServerComu/servidor_minecraft/libraries/net/fabricmc/sponge-mixin/0.16.5+mixin.0.8.7/sponge-mixin-0.16.5+mixin.0.8.7.jar Service=Knot/Fabric Env=SERVER
[01:28:35] [main/INFO]: Compatibility level set to JAVA_17
[01:28:35] [main/INFO]: Compatibility level set to JAVA_21
[01:28:36] [main/WARN]: Reference map 'forgeconfigapiport.common.refmap.json' for forgeconfigapiport.common.mixins.json could not be read. If this is a development environment you can ignore this message
[01:28:36] [main/WARN]: Reference map 'journeymap-refmap.json' for journeymap.mixins.json could not be read. If this is a development environment you can ignore this message
[01:28:36] [main/WARN]: Reference map 'journeymap-refmap.json' for journeymap.fabric.mixins.json could not be read. If this is a development environment you can ignore this message
[01:28:36] [main/WARN]: Mod 'ferritecore' attempted to override option 'mixin.alloc.blockstate', which doesn't exist, ignoring
[01:28:36] [main/INFO]: Option 'mixin.entity.collisions.fluid' requires 'mixin.util.block_tracking=true' but found 'false'. Setting 'mixin.entity.collisions.fluid=false'.
[01:28:36] [main/INFO]: Option 'mixin.experimental.entity.block_caching.block_support' requires 'mixin.util.block_tracking=true' but found 'false'. Setting 'mixin.experimental.entity.block_caching.block_support=false'.
[01:28:36] [main/INFO]: Option 'mixin.experimental.entity.block_caching.fluid_pushing' requires 'mixin.util.block_tracking=true' but found 'false'. Setting 'mixin.experimental.entity.block_caching.fluid_pushing=false'.
[01:28:36] [main/INFO]: Option 'mixin.experimental.entity.block_caching.block_touching' requires 'mixin.util.block_tracking=true' but found 'false'. Setting 'mixin.experimental.entity.block_caching.block_touching=false'.
[01:28:36] [main/INFO]: Option 'mixin.experimental.entity.block_caching.suffocation' requires 'mixin.util.block_tracking=true' but found 'false'. Setting 'mixin.experimental.entity.block_caching.suffocation=false'.
[01:28:36] [main/INFO]: Option 'mixin.experimental.entity.block_caching' requires 'mixin.util.block_tracking=true' but found 'false'. Setting 'mixin.experimental.entity.block_caching=false'.
[01:28:36] [main/INFO]: Loaded configuration file for Lithium: 149 options available, 0 override(s) found
[01:28:36] [main/INFO]: Started MM (shedaniel's fork) at me/shedaniel/gen/mixin/
[01:28:36] [main/WARN]: Reference map 'Manningham Mills-refmap.json' for mixins.mm_shedaniel.json could not be read. If this is a development environment you can ignore this message
[01:28:36] [main/WARN]: Reference map 'tiny_config-common-common-refmap.json' for tiny_config.mixins.json could not be read. If this is a development environment you can ignore this message
[01:28:36] [main/WARN]: Reference map 'yet_another_config_lib_v3.refmap.json' for yacl.mixins.json could not be read. If this is a development environment you can ignore this message
[01:28:36] [main/WARN]: Reference map 'yet_another_config_lib_v3.refmap.json' for yacl-fabric.mixins.json could not be read. If this is a development environment you can ignore this message
[01:28:36] [main/WARN]: Error loading class: net/minecraft/class_310 (java.lang.ClassNotFoundException: net/minecraft/class_310)
[01:28:36] [main/WARN]: @Mixin target net.minecraft.class_310 was not found aether.mixins.json:client.accessor.MinecraftAccessor from mod aether
[01:28:37] [main/WARN]: Error loading class: net/minecraft/class_287 (java.lang.ClassNotFoundException: net/minecraft/class_287)
[01:28:37] [main/WARN]: @Mixin target net.minecraft.class_287 was not found owo.mixins.json:BufferBuilderAccessor from mod owo
[01:28:37] [main/WARN]: Error loading class: net/minecraft/class_437 (java.lang.ClassNotFoundException: net/minecraft/class_437)
[01:28:37] [main/WARN]: @Mixin target net.minecraft.class_437 was not found owo.mixins.json:ScreenAccessor from mod owo
[01:28:37] [main/WARN]: Error loading class: com/simibubi/create/content/kinetics/base/BlockBreakingKineticBlockEntity (java.lang.ClassNotFoundException: com/simibubi/create/content/kinetics/base/BlockBreakingKineticBlockEntity)
[01:28:37] [main/WARN]: Error loading class: net/fabricmc/fabric/api/client/rendering/v1/EntityModelLayerRegistry$TexturedModelDataProvider (java.lang.ClassNotFoundException: net/fabricmc/fabric/api/client/rendering/v1/EntityModelLayerRegistry$TexturedModelDataProvider)
[01:28:37] [main/WARN]: Error loading class: net/minecraft/class_314 (java.lang.ClassNotFoundException: net/minecraft/class_314)
[01:28:37] [main/WARN]: @Mixin target net.minecraft.class_314 was not found mixins.mm_shedaniel.json:net.minecraft.class_314 from mod mm_shedaniel
[01:28:37] [main/INFO]: Initializing MixinExtras via com.llamalad7.mixinextras.service.MixinExtrasServiceImpl(version=0.5.0).
[01:28:44] [main/INFO]: Registering Listeners!
[01:28:44] [main/INFO]: AddonsLib Fabric !
[01:28:45] [main/ERROR]: No data fixer registered for artifacts:mimic
[01:28:45] [main/INFO]: Reflections took 41 ms to scan 1 urls, producing 1 keys and 2 values
[01:28:45] [main/INFO]: Reflections took 1 ms to scan 1 urls, producing 1 keys and 2 values
[01:28:45] [main/INFO]: Reflections took 2 ms to scan 1 urls, producing 1 keys and 1 values
[01:28:45] [main/INFO]: Reflections took 1 ms to scan 1 urls, producing 1 keys and 1 values
[01:28:45] [main/INFO]: Reflections took 2 ms to scan 1 urls, producing 1 keys and 2 values
[01:28:45] [main/INFO]: Reflections took 1 ms to scan 1 urls, producing 1 keys and 2 values
[01:28:45] [main/INFO]: Reflections took 1 ms to scan 1 urls, producing 1 keys and 3 values
[01:28:45] [main/INFO]: Reflections took 1 ms to scan 1 urls, producing 1 keys and 3 values
[01:28:45] [main/INFO]: Loaded config for: cupboard.json
[01:28:45] [main/INFO]: ExpandAbility here, who dis?
[01:28:45] [main/ERROR]: No data fixer registered for biomesoplenty:boat
[01:28:45] [main/ERROR]: No data fixer registered for biomesoplenty:chest_boat
[01:28:45] [main/ERROR]: No data fixer registered for anomaly
[01:28:45] [main/INFO]: Initializing ServerSide Packet Registries
[01:28:46] [main/ERROR]: No data fixer registered for mca:male_villager
[01:28:46] [main/ERROR]: No data fixer registered for mca:female_villager
[01:28:46] [main/ERROR]: No data fixer registered for mca:male_zombie_villager
[01:28:46] [main/ERROR]: No data fixer registered for mca:female_zombie_villager
[01:28:46] [main/ERROR]: No data fixer registered for mca:grim_reaper
[01:28:46] [main/ERROR]: No data fixer registered for mca:crib
[01:28:46] [main/INFO]: Macaw's Biomes O' Plenty Loading...
[01:28:46] [main/INFO]: Macaw's Biomes O' Plenty Is Charged !
[01:28:46] [main/INFO]: Macaw's Fences - Biomes O Plenty... Loading...
[01:28:46] [main/INFO]: Macaw's Fences - Biomes O Plenty... Finish...
[01:28:46] [main/INFO]: Macaw's Furnitures - Biomes O Plenty... Loading...
[01:28:46] [main/INFO]: Macaw's Furnitures - Biomes O Plenty... Finish...
[01:28:46] [main/INFO]: Definitely not up to no good
[01:28:46] [main/INFO]: [STDOUT]: All 20 have been set properly
[01:28:46] [main/INFO]: that's a CanPickUpLoot baby zombie, the most annoying thing ever. he runs around like crazy and picks up all your shit
[01:28:46] [main/INFO]: Registered region minecraft:overworld to index 0 for type OVERWORLD
[01:28:46] [main/INFO]: Registered region minecraft:nether to index 0 for type NETHER
[01:28:46] [main/INFO]: Registered region biomesoplenty:overworld_primary to index 1 for type OVERWORLD
[01:28:46] [main/INFO]: Registered region biomesoplenty:overworld_secondary to index 2 for type OVERWORLD
[01:28:46] [main/INFO]: Registered region biomesoplenty:overworld_rare to index 3 for type OVERWORLD
[01:28:46] [main/INFO]: Registered region biomesoplenty:nether_common to index 1 for type NETHER
[01:28:46] [main/INFO]: Registered region biomesoplenty:nether_rare to index 2 for type NETHER
[01:28:46] [main/ERROR]: No data fixer registered for 
[01:28:48] [main/INFO]: Registered the FluidEffect with Unique ID of minecraft:water for Water (Fluid Amount Required: 81000) with the ID 0
[01:28:48] [main/INFO]: Registered the FluidEffect with Unique ID of minecraft:lava for Lava (Fluid Amount Required: 81000) with the ID 1
[01:28:48] [main/INFO]: Registered the FluidEffect with Unique ID of travelersbackpack:potion for block.travelersbackpack.potion_still (Fluid Amount Required: 27000) with the ID 2
[01:28:48] [main/INFO]: Registered the FluidEffect with Unique ID of minecraft:milk for Air (Fluid Amount Required: 81000) with the ID 3
[01:28:48] [main/INFO]: Reflections took 3 ms to scan 1 urls, producing 1 keys and 3 values
[01:28:48] [main/INFO]: Reflections took 3 ms to scan 1 urls, producing 1 keys and 3 values
[01:28:48] [main/INFO]: Environment: Environment[sessionHost=https://sessionserver.mojang.com, servicesHost=https://api.minecraftservices.com, name=PROD]
[01:28:48] [main/INFO]: Found non-pack entry './world/datapacks/desktop.ini', ignoring
[01:28:51] [Worker-Main-1/WARN]: Found data map file for non-existent data map type 'neoforge:vibration_frequencies' on registry 'minecraft:game_event'.
[01:28:51] [main/ERROR]: Parsing error loading recipe jeed:inebriation
com.google.gson.JsonParseException: Unknown registry key in ResourceKey[minecraft:root / minecraft:recipe_serializer]: jeed:effect_provider
	at knot/com.mojang.serialization.DataResult$Error.md66c952$owo$lambda$addStackTraceToException$0$0(DataResult.java:565) ~[datafixerupper-8.0.16.jar:?]
	at knot/com.mojang.serialization.DataResult$Error.getOrThrow(DataResult.java:287) ~[datafixerupper-8.0.16.jar:?]
	at knot/net.minecraft.class_1863.method_20705(class_1863.java:62) ~[server-intermediary.jar:?]
	at knot/net.minecraft.class_1863.method_18788(class_1863.java:35) ~[server-intermediary.jar:?]
	at knot/net.minecraft.class_4080.method_18790(class_4080.java:13) ~[server-intermediary.jar:?]
	at java.base/java.util.concurrent.CompletableFuture$UniAccept.tryFire(CompletableFuture.java:718) ~[?:?]
	at java.base/java.util.concurrent.CompletableFuture$Completion.run(CompletableFuture.java:482) ~[?:?]
	at knot/net.minecraft.class_4014.method_18365(class_4014.java:69) ~[server-intermediary.jar:?]
	at knot/net.minecraft.class_156.method_43498(class_156.java:1024) [server-intermediary.jar:?]
	at knot/net.minecraft.class_156.method_43499(class_156.java:1012) [server-intermediary.jar:?]
	at knot/net.minecraft.server.Main.main(Main.java:182) [server-intermediary.jar:?]
	at net.fabricmc.loader.impl.game.minecraft.MinecraftGameProvider.launch(MinecraftGameProvider.java:514) [fabric-loader-0.18.2.jar:?]
	at net.fabricmc.loader.impl.launch.knot.Knot.launch(Knot.java:72) [fabric-loader-0.18.2.jar:?]
	at net.fabricmc.loader.impl.launch.knot.KnotServer.main(KnotServer.java:23) [fabric-loader-0.18.2.jar:?]
	at net.fabricmc.loader.impl.launch.server.FabricServerLauncher.main(FabricServerLauncher.java:69) [fabric-loader-0.18.2.jar:?]
	at net.fabricmc.installer.ServerLauncher.main(ServerLauncher.java:69) [fabric-server-launch.jar:1.0.1]
[01:28:51] [main/ERROR]: Parsing error loading recipe supplementaries:copper_lantern_conversion
com.google.gson.JsonParseException: Unknown registry key in ResourceKey[minecraft:root / minecraft:block]: suppsquared:copper_lantern; Failed to parse either. First: Not a json array: {"block":"suppsquared:copper_lantern","properties":{"lit":"true"}}; Second: No key tag in MapLike[{"block":"suppsquared:copper_lantern","properties":{"lit":"true"}}]; Unknown registry key in ResourceKey[minecraft:root / minecraft:block]: suppsquared:copper_lantern
	at knot/com.mojang.serialization.DataResult$Error.md66c952$owo$lambda$addStackTraceToException$0$0(DataResult.java:565) ~[datafixerupper-8.0.16.jar:?]
	at knot/com.mojang.serialization.DataResult$Error.getOrThrow(DataResult.java:287) ~[datafixerupper-8.0.16.jar:?]
	at knot/net.minecraft.class_1863.method_20705(class_1863.java:62) ~[server-intermediary.jar:?]
	at knot/net.minecraft.class_1863.method_18788(class_1863.java:35) ~[server-intermediary.jar:?]
	at knot/net.minecraft.class_4080.method_18790(class_4080.java:13) ~[server-intermediary.jar:?]
	at java.base/java.util.concurrent.CompletableFuture$UniAccept.tryFire(CompletableFuture.java:718) ~[?:?]
	at java.base/java.util.concurrent.CompletableFuture$Completion.run(CompletableFuture.java:482) ~[?:?]
	at knot/net.minecraft.class_4014.method_18365(class_4014.java:69) ~[server-intermediary.jar:?]
	at knot/net.minecraft.class_156.method_43498(class_156.java:1024) [server-intermediary.jar:?]
	at knot/net.minecraft.class_156.method_43499(class_156.java:1012) [server-intermediary.jar:?]
	at knot/net.minecraft.server.Main.main(Main.java:182) [server-intermediary.jar:?]
	at net.fabricmc.loader.impl.game.minecraft.MinecraftGameProvider.launch(MinecraftGameProvider.java:514) [fabric-loader-0.18.2.jar:?]
	at net.fabricmc.loader.impl.launch.knot.Knot.launch(Knot.java:72) [fabric-loader-0.18.2.jar:?]
	at net.fabricmc.loader.impl.launch.knot.KnotServer.main(KnotServer.java:23) [fabric-loader-0.18.2.jar:?]
	at net.fabricmc.loader.impl.launch.server.FabricServerLauncher.main(FabricServerLauncher.java:69) [fabric-loader-0.18.2.jar:?]
	at net.fabricmc.installer.ServerLauncher.main(ServerLauncher.java:69) [fabric-server-launch.jar:1.0.1]
[01:28:51] [main/ERROR]: Parsing error loading recipe jeed:remedy
com.google.gson.JsonParseException: Unknown registry key in ResourceKey[minecraft:root / minecraft:recipe_serializer]: jeed:effect_provider
	at knot/com.mojang.serialization.DataResult$Error.md66c952$owo$lambda$addStackTraceToException$0$0(DataResult.java:565) ~[datafixerupper-8.0.16.jar:?]
	at knot/com.mojang.serialization.DataResult$Error.getOrThrow(DataResult.java:287) ~[datafixerupper-8.0.16.jar:?]
	at knot/net.minecraft.class_1863.method_20705(class_1863.java:62) ~[server-intermediary.jar:?]
	at knot/net.minecraft.class_1863.method_18788(class_1863.java:35) ~[server-intermediary.jar:?]
	at knot/net.minecraft.class_4080.method_18790(class_4080.java:13) ~[server-intermediary.jar:?]
	at java.base/java.util.concurrent.CompletableFuture$UniAccept.tryFire(CompletableFuture.java:718) ~[?:?]
	at java.base/java.util.concurrent.CompletableFuture$Completion.run(CompletableFuture.java:482) ~[?:?]
	at knot/net.minecraft.class_4014.method_18365(class_4014.java:69) ~[server-intermediary.jar:?]
	at knot/net.minecraft.class_156.method_43498(class_156.java:1024) [server-intermediary.jar:?]
	at knot/net.minecraft.class_156.method_43499(class_156.java:1012) [server-intermediary.jar:?]
	at knot/net.minecraft.server.Main.main(Main.java:182) [server-intermediary.jar:?]
	at net.fabricmc.loader.impl.game.minecraft.MinecraftGameProvider.launch(MinecraftGameProvider.java:514) [fabric-loader-0.18.2.jar:?]
	at net.fabricmc.loader.impl.launch.knot.Knot.launch(Knot.java:72) [fabric-loader-0.18.2.jar:?]
	at net.fabricmc.loader.impl.launch.knot.KnotServer.main(KnotServer.java:23) [fabric-loader-0.18.2.jar:?]
	at net.fabricmc.loader.impl.launch.server.FabricServerLauncher.main(FabricServerLauncher.java:69) [fabric-loader-0.18.2.jar:?]
	at net.fabricmc.installer.ServerLauncher.main(ServerLauncher.java:69) [fabric-server-launch.jar:1.0.1]
[01:28:51] [main/INFO]: Loaded 7247 recipes
[01:28:51] [main/ERROR]: Parsing error loading custom advancement dungeons_arise:find_illager_corsair_or_illager_galley: No key id in MapLike[{"item":"minecraft:tropical_fish"}]
[01:28:51] [main/ERROR]: Parsing error loading custom advancement dungeons_arise:find_infested_temple_map: No key id in MapLike[{"item":"minecraft:filled_map"}]
[01:28:52] [main/ERROR]: Parsing error loading custom advancement dungeons_arise:find_greenwood_pub: No key id in MapLike[{"item":"minecraft:barrel"}]
[01:28:52] [main/ERROR]: Parsing error loading custom advancement dungeons_arise:find_thornborn_towers: No key id in MapLike[{"item":"minecraft:rose_bush"}]
[01:28:52] [main/ERROR]: Parsing error loading custom advancement dungeons_arise:find_keep_kayra: No key id in MapLike[{"item":"minecraft:lily_pad"}]
[01:28:52] [main/ERROR]: Couldn't load advancements: [dungeons_arise:find_plague_asylum, dungeons_arise:find_fishing_hut]
[01:28:52] [main/INFO]: Loaded 4486 advancements
[01:28:52] [main/INFO]: Loaded config for: lootintegrations.json
[01:28:52] [ForkJoinPool.commonPool-worker-1/INFO]: Loaded 58 translation keys
[01:28:54] [main/INFO]: Initialized TerraBlender biomes for level stem minecraft:overworld
[01:28:54] [main/INFO]: Initialized TerraBlender biomes for level stem minecraft:the_nether
[01:28:54] [main/INFO]: Applied 209 biome modifications to 209 of 233 new biomes in 135.6 ms
[01:28:54] [Server thread/INFO]: Encoded Weapon Attribute registry size (with package overhead): 3099 bytes (in 1 string chunks with the size of 10000)
[01:28:54] [Server thread/INFO]: Starting minecraft server version 1.21.1
[01:28:54] [Server thread/INFO]: Loading properties
[01:28:54] [Server thread/INFO]: Default game type: SURVIVAL
[01:28:54] [Server thread/INFO]: Generating keypair
[01:28:54] [Server thread/INFO]: Starting Minecraft server on *:25565
[01:28:54] [Server thread/INFO]: Using epoll channel type
[01:28:55] [Server thread/WARN]: **** SERVER IS RUNNING IN OFFLINE/INSECURE MODE!
[01:28:55] [Server thread/WARN]: The server will make no attempt to authenticate usernames. Beware.
[01:28:55] [Server thread/WARN]: While this makes the game possible to play without internet access, it also opens up the ability for hackers to connect with any username they choose.
[01:28:55] [Server thread/WARN]: To change this, set "online-mode" to "true" in the server.properties file.
[01:28:55] [Server thread/INFO]: Preparing level "world"
[01:29:01] [Server thread/INFO]: Preparing start region for dimension minecraft:overworld
[01:29:02] [Worker-Main-3/INFO]: Preparing spawn area: 0%
[01:29:02] [Worker-Main-3/INFO]: Preparing spawn area: 0%
[01:29:02] [Worker-Main-1/INFO]: Preparing spawn area: 18%
[01:29:03] [Worker-Main-2/INFO]: Preparing spawn area: 71%
[01:29:03] [Server thread/INFO]: Time elapsed: 1517 ms
[01:29:03] [Server thread/INFO]: Done (8.410s)! For help, type "help"
[01:29:03] [Server thread/INFO]: Loaded null for service interface journeymap.api.services.WebMapService
[01:29:03] [Server thread/INFO]: Loaded journeymap.common.helpers.FabricClientHooks@5e52ee10 for service interface journeymap.api.services.ClientPlatformService
[01:29:03] [Server thread/INFO]: Loaded journeymap.common.helpers.FabricHooks@6a7febaa for service interface journeymap.api.services.CommonPlatformService
[01:31:13] [Server thread/INFO]: [STDOUT]: Lithium Cached BlockState Flags are disabled!
[01:31:13] [Server thread/INFO]: KITKAZ1[/127.88.6.119:35515] logged in with entity id 7 at (203.36967009960145, 63.0, 2277.0700449860556)
[01:31:14] [Server thread/INFO]: Sending server config values to client
[01:31:14] [Server thread/INFO]: Loading config from file...
[01:31:14] [Server thread/INFO]: KITKAZ1 joined the game
[01:31:14] [Server thread/INFO]: Sending item configs to client
[01:31:14] [Server thread/INFO]: Receiving client config
[01:31:14] [Server thread/WARN]: Can't keep up! Is the server overloaded? Running 2435ms or 48 ticks behind
[01:40:13] [Server thread/INFO]: KITKAZ1 teleported to 196.5 63.0 2277.5 minecraft:overworld
[01:48:06] [Server thread/INFO]: KITKAZ1 was doomed to fall by Zombie
[01:48:06] [Server thread/INFO]: Created new backpack backup file for KITKAZ1 with unique ID travelersbackpack.diamond_29.12.2025-01.48.06.dat
[01:48:11] [Server thread/INFO]: KITKAZ1 teleported to 23.5 69.0 2438.5 minecraft:overworld
[01:50:04] [Server thread/INFO]: KITKAZ1 teleported to 181.5 -17.0 2434.5 minecraft:overworld
[01:50:07] [Server thread/INFO]: KITKAZ1 teleported to 810.5 152.0 793.5 minecraft:overworld
[01:50:10] [Server thread/INFO]: KITKAZ1 teleported to 103.5 63.0 2258.5 minecraft:overworld
[01:50:43] [Server thread/WARN]: Can't keep up! Is the server overloaded? Running 3444ms or 68 ticks behind
[01:51:34] [Server thread/INFO]: KITKAZ1 has made the advancement [Hidden in the Depths]
[01:52:12] [Server thread/INFO]: KITKAZ1 teleported to 810.5 152.0 793.5 minecraft:overworld
[01:52:44] [Server thread/INFO]: Villager VillagerEntityMCA['Vera'/14886, l='ServerLevel[world]', x=799.27, y=70.00, z=802.33] died, message: 'Vera was slain by Zombie'
[01:52:44] [Server thread/INFO]: Named entity VillagerEntityMCA['Vera'/14886, l='ServerLevel[world]', x=799.27, y=70.00, z=802.33] died: Vera was slain by Zombie
[01:54:11] [Server thread/INFO]: Villager VillagerEntityMCA['Miladin'/14888, l='ServerLevel[world]', x=830.99, y=67.00, z=775.01] died, message: 'Miladin was slain by Eduard'
[01:54:11] [Server thread/INFO]: Named entity VillagerEntityMCA['Miladin'/14888, l='ServerLevel[world]', x=830.99, y=67.00, z=775.01] died: Miladin was slain by Eduard
[01:55:48] [Server thread/INFO]: Villager VillagerEntityMCA['Milan'/14893, l='ServerLevel[world]', x=839.45, y=66.00, z=773.83] died, message: 'Milan was slain by Celina'
[01:55:48] [Server thread/INFO]: Named entity VillagerEntityMCA['Milan'/14893, l='ServerLevel[world]', x=839.45, y=66.00, z=773.83] died: Milan was slain by Celina
[01:56:06] [Server thread/INFO]: KITKAZ1 teleported to 196.5 63.0 2277.5 minecraft:overworld
[01:58:28] [Server thread/INFO]: KITKAZ1 teleported to 103.5 63.0 2258.5 minecraft:overworld
[01:58:33] [Server thread/INFO]: KITKAZ1 teleported to 196.5 63.0 2277.5 minecraft:overworld
[02:00:48] [Server thread/INFO]: KITKAZ1 teleported to 196.5 63.0 2277.5 minecraft:overworld
[02:06:10] [Worker-Main-5/ERROR]: Block-attached entity at invalid position: class_2338{x=-39, y=62, z=-146}
[02:06:10] [Worker-Main-5/ERROR]: Block-attached entity at invalid position: class_2338{x=-39, y=74, z=-146}
[02:06:10] [Worker-Main-5/ERROR]: Block-attached entity at invalid position: class_2338{x=-40, y=14, z=-135}
[02:06:10] [Worker-Main-5/ERROR]: Block-attached entity at invalid position: class_2338{x=-40, y=62, z=-135}
[02:06:10] [Worker-Main-5/ERROR]: Block-attached entity at invalid position: class_2338{x=-28, y=14, z=-147}
[02:06:10] [Worker-Main-5/ERROR]: Block-attached entity at invalid position: class_2338{x=-28, y=-23, z=-147}
[02:06:10] [Worker-Main-5/ERROR]: Block-attached entity at invalid position: class_2338{x=-28, y=114, z=-140}
[02:06:10] [Worker-Main-5/ERROR]: Block-attached entity at invalid position: class_2338{x=-32, y=128, z=-135}
[02:06:10] [Worker-Main-5/ERROR]: Block-attached entity at invalid position: class_2338{x=-28, y=-56, z=-135}
[02:06:10] [Worker-Main-5/ERROR]: Block-attached entity at invalid position: class_2338{x=-24, y=128, z=-135}
[02:06:10] [Worker-Main-5/ERROR]: Block-attached entity at invalid position: class_2338{x=-16, y=14, z=-135}
[02:06:10] [Worker-Main-5/ERROR]: Block-attached entity at invalid position: class_2338{x=-16, y=62, z=-135}
[02:06:16] [Worker-Main-2/ERROR]: Block-attached entity at invalid position: class_2338{x=-28, y=114, z=-130}
[02:06:16] [Worker-Main-2/ERROR]: Block-attached entity at invalid position: class_2338{x=-28, y=14, z=-123}
[02:06:16] [Worker-Main-2/ERROR]: Block-attached entity at invalid position: class_2338{x=-28, y=-23, z=-123}
[02:06:16] [Worker-Main-2/ERROR]: Block-attached entity at invalid position: class_2338{x=-17, y=62, z=-124}
[02:06:16] [Worker-Main-2/ERROR]: Block-attached entity at invalid position: class_2338{x=-17, y=74, z=-124}
[02:06:22] [Worker-Main-2/ERROR]: Block-attached entity at invalid position: class_2338{x=-1006, y=-53, z=-40}
[02:12:23] [Server thread/INFO]: KITKAZ1 has made the advancement [Feed The Machine]
[02:13:41] [Worker-Main-2/ERROR]: Block-attached entity at invalid position: class_2338{x=-1000, y=-53, z=130}
[02:13:41] [Worker-Main-2/ERROR]: Block-attached entity at invalid position: class_2338{x=-1000, y=-56, z=129}
[02:13:41] [Worker-Main-2/ERROR]: Block-attached entity at invalid position: class_2338{x=-1000, y=-56, z=131}
[02:13:53] [Worker-Main-5/ERROR]: Block-attached entity at invalid position: class_2338{x=-1000, y=-53, z=130}
[02:13:53] [Worker-Main-5/ERROR]: Block-attached entity at invalid position: class_2338{x=-1000, y=-56, z=129}
[02:13:53] [Worker-Main-5/ERROR]: Block-attached entity at invalid position: class_2338{x=-1000, y=-56, z=131}
[02:13:53] [Worker-Main-5/ERROR]: Block-attached entity at invalid position: class_2338{x=-1000, y=-53, z=130}
[02:13:53] [Worker-Main-5/ERROR]: Block-attached entity at invalid position: class_2338{x=-1000, y=-56, z=129}
[02:13:53] [Worker-Main-5/ERROR]: Block-attached entity at invalid position: class_2338{x=-1000, y=-56, z=131}
[02:13:53] [Worker-Main-5/ERROR]: Block-attached entity at invalid position: class_2338{x=-1006, y=-53, z=-40}
[02:13:57] [Server thread/INFO]: KITKAZ1 was blown up by Creeper
[02:13:57] [Server thread/INFO]: Created new backpack backup file for KITKAZ1 with unique ID travelersbackpack.diamond_29.12.2025-02.13.57.dat
[02:14:02] [Server thread/INFO]: KITKAZ1 teleported to 62.5 92.0 3462.5 minecraft:overworld
[02:14:18] [Worker-Main-2/ERROR]: Block-attached entity at invalid position: class_2338{x=-16, y=14, z=-135}
[02:14:18] [Worker-Main-2/ERROR]: Block-attached entity at invalid position: class_2338{x=-16, y=62, z=-135}
[02:14:19] [Worker-Main-2/ERROR]: Block-attached entity at invalid position: class_2338{x=-17, y=62, z=-124}
[02:14:19] [Worker-Main-2/ERROR]: Block-attached entity at invalid position: class_2338{x=-17, y=74, z=-124}
[02:14:25] [Worker-Main-4/ERROR]: Block-attached entity at invalid position: class_2338{x=-39, y=62, z=-146}
[02:14:25] [Worker-Main-4/ERROR]: Block-attached entity at invalid position: class_2338{x=-39, y=74, z=-146}
[02:14:25] [Worker-Main-4/ERROR]: Block-attached entity at invalid position: class_2338{x=-28, y=14, z=-147}
[02:14:25] [Worker-Main-4/ERROR]: Block-attached entity at invalid position: class_2338{x=-28, y=-23, z=-147}
[02:14:25] [Worker-Main-4/ERROR]: Block-attached entity at invalid position: class_2338{x=-28, y=114, z=-140}
[02:14:25] [Worker-Main-4/ERROR]: Block-attached entity at invalid position: class_2338{x=-32, y=128, z=-135}
[02:14:25] [Worker-Main-4/ERROR]: Block-attached entity at invalid position: class_2338{x=-24, y=128, z=-135}
[02:14:25] [Worker-Main-4/ERROR]: Block-attached entity at invalid position: class_2338{x=-28, y=-56, z=-135}
[02:14:25] [Worker-Main-4/ERROR]: Block-attached entity at invalid position: class_2338{x=-28, y=114, z=-130}
[02:14:25] [Worker-Main-4/ERROR]: Block-attached entity at invalid position: class_2338{x=-28, y=14, z=-123}
[02:14:25] [Worker-Main-4/ERROR]: Block-attached entity at invalid position: class_2338{x=-28, y=-23, z=-123}
[02:14:26] [Worker-Main-2/ERROR]: Block-attached entity at invalid position: class_2338{x=-1006, y=-53, z=-40}
[02:14:32] [Worker-Main-2/ERROR]: Block-attached entity at invalid position: class_2338{x=-40, y=14, z=-135}
[02:14:32] [Worker-Main-2/ERROR]: Block-attached entity at invalid position: class_2338{x=-40, y=62, z=-135}
[02:14:35] [Worker-Main-4/ERROR]: Block-attached entity at invalid position: class_2338{x=-1000, y=-53, z=130}
[02:14:35] [Worker-Main-4/ERROR]: Block-attached entity at invalid position: class_2338{x=-1000, y=-56, z=129}
[02:14:35] [Worker-Main-4/ERROR]: Block-attached entity at invalid position: class_2338{x=-1000, y=-56, z=131}
[02:14:42] [Worker-Main-2/ERROR]: Block-attached entity at invalid position: class_2338{x=-1000, y=-53, z=130}
[02:14:42] [Worker-Main-2/ERROR]: Block-attached entity at invalid position: class_2338{x=-1000, y=-56, z=129}
[02:14:46] [Worker-Main-4/ERROR]: Block-attached entity at invalid position: class_2338{x=-1000, y=-56, z=131}
[02:14:52] [Worker-Main-4/ERROR]: Block-attached entity at invalid position: class_2338{x=-318, y=-45, z=-204}
[02:14:52] [Worker-Main-4/ERROR]: Block-attached entity at invalid position: class_2338{x=-318, y=-45, z=-202}
[02:14:52] [Worker-Main-2/ERROR]: Block-attached entity at invalid position: class_2338{x=-320, y=-45, z=-203}
[02:15:09] [Worker-Main-2/ERROR]: Block-attached entity at invalid position: class_2338{x=290, y=-56, z=286}
[02:15:09] [Worker-Main-2/ERROR]: Block-attached entity at invalid position: class_2338{x=290, y=-56, z=291}
[02:15:10] [Worker-Main-2/ERROR]: Block-attached entity at invalid position: class_2338{x=320, y=-56, z=285}
[02:15:10] [Worker-Main-2/ERROR]: Block-attached entity at invalid position: class_2338{x=320, y=-56, z=290}
[02:15:12] [Worker-Main-5/ERROR]: Block-attached entity at invalid position: class_2338{x=329, y=-50, z=297}
[02:15:12] [Worker-Main-5/ERROR]: Block-attached entity at invalid position: class_2338{x=329, y=-52, z=297}
[02:15:12] [Worker-Main-5/ERROR]: Block-attached entity at invalid position: class_2338{x=329, y=-51, z=297}
[02:15:12] [Worker-Main-5/ERROR]: Block-attached entity at invalid position: class_2338{x=329, y=-52, z=298}
[02:15:12] [Worker-Main-5/ERROR]: Block-attached entity at invalid position: class_2338{x=329, y=-52, z=300}
[02:15:12] [Worker-Main-5/ERROR]: Block-attached entity at invalid position: class_2338{x=329, y=-51, z=300}
[02:15:12] [Worker-Main-5/ERROR]: Block-attached entity at invalid position: class_2338{x=329, y=-50, z=300}
[02:15:12] [Worker-Main-5/ERROR]: Block-attached entity at invalid position: class_2338{x=329, y=-52, z=299}
[02:15:15] [Worker-Main-4/ERROR]: Block-attached entity at invalid position: class_2338{x=260, y=-56, z=262}
[02:15:15] [Worker-Main-4/ERROR]: Block-attached entity at invalid position: class_2338{x=273, y=-52, z=429}
[02:15:16] [Worker-Main-5/ERROR]: Block-attached entity at invalid position: class_2338{x=255, y=-52, z=626}
[02:15:16] [Worker-Main-5/ERROR]: Block-attached entity at invalid position: class_2338{x=285, y=-52, z=427}
[02:15:17] [Worker-Main-5/ERROR]: Block-attached entity at invalid position: class_2338{x=288, y=-58, z=673}
[02:15:17] [Worker-Main-5/ERROR]: Block-attached entity at invalid position: class_2338{x=286, y=-51, z=637}
[02:15:19] [Worker-Main-4/ERROR]: Block-attached entity at invalid position: class_2338{x=310, y=-52, z=637}
[02:15:19] [Worker-Main-4/ERROR]: Block-attached entity at invalid position: class_2338{x=325, y=-52, z=427}
[02:15:21] [Worker-Main-4/ERROR]: Block-attached entity at invalid position: class_2338{x=262, y=-57, z=249}
[02:15:21] [Worker-Main-4/ERROR]: Block-attached entity at invalid position: class_2338{x=271, y=-58, z=258}
[02:15:22] [Worker-Main-4/ERROR]: Block-attached entity at invalid position: class_2338{x=277, y=-51, z=245}
[02:15:22] [Worker-Main-4/ERROR]: Block-attached entity at invalid position: class_2338{x=255, y=-51, z=611}
[02:15:22] [Worker-Main-4/ERROR]: Block-attached entity at invalid position: class_2338{x=285, y=-52, z=423}
[02:15:22] [Worker-Main-4/ERROR]: Block-attached entity at invalid position: class_2338{x=285, y=-52, z=425}
[02:15:22] [Worker-Main-4/ERROR]: Block-attached entity at invalid position: class_2338{x=285, y=-52, z=424}
[02:15:22] [Worker-Main-4/ERROR]: Block-attached entity at invalid position: class_2338{x=285, y=-52, z=426}
[02:15:22] [Worker-Main-4/ERROR]: Block-attached entity at invalid position: class_2338{x=275, y=-51, z=419}
[02:15:23] [Worker-Main-2/ERROR]: Block-attached entity at invalid position: class_2338{x=296, y=-51, z=417}
[02:15:25] [Worker-Main-4/ERROR]: Block-attached entity at invalid position: class_2338{x=325, y=-52, z=424}
[02:15:25] [Worker-Main-4/ERROR]: Block-attached entity at invalid position: class_2338{x=325, y=-52, z=426}
[02:15:25] [Worker-Main-4/ERROR]: Block-attached entity at invalid position: class_2338{x=325, y=-52, z=423}
[02:15:26] [Worker-Main-5/ERROR]: Block-attached entity at invalid position: class_2338{x=348, y=-53, z=282}
[02:15:27] [Worker-Main-5/ERROR]: Block-attached entity at invalid position: class_2338{x=344, y=-57, z=262}
[02:15:28] [Worker-Main-5/ERROR]: Block-attached entity at invalid position: class_2338{x=348, y=-57, z=249}
[02:16:30] [Worker-Main-2/ERROR]: Block-attached entity at invalid position: class_2338{x=269, y=33, z=62}
[02:16:30] [Worker-Main-2/ERROR]: Block-attached entity at invalid position: class_2338{x=274, y=33, z=62}
[02:16:30] [Worker-Main-2/ERROR]: Block-attached entity at invalid position: class_2338{x=317, y=-51, z=407}
[02:16:30] [Worker-Main-2/ERROR]: Block-attached entity at invalid position: class_2338{x=321, y=-51, z=407}
[02:16:33] [Worker-Main-5/ERROR]: Block-attached entity at invalid position: class_2338{x=293, y=33, z=59}
[02:16:33] [Worker-Main-5/ERROR]: Block-attached entity at invalid position: class_2338{x=296, y=-51, z=407}
[02:18:39] [Server thread/INFO]: KITKAZ1 has made the advancement [Sympathy For The Devil]
[02:19:04] [Server thread/INFO]: KITKAZ1 lost connection: Disconnected
[02:19:04] [Server thread/INFO]: KITKAZ1 left the game
